<?xml version="1.0" encoding="UTF-8"?>
<testng-results skipped="0" failed="0" ignored="0" total="1" passed="1">
  <reporter-output>
  </reporter-output>
  <suite name="Default suite" duration-ms="27691" started-at="2019-02-13T17:25:19Z" finished-at="2019-02-13T17:25:46Z">
    <groups>
    </groups>
    <test name="Default test" duration-ms="27691" started-at="2019-02-13T17:25:19Z" finished-at="2019-02-13T17:25:46Z">
      <class name="com.phptravelstest.testcases.loginpagetestcases">
        <test-method status="PASS" signature="setup()[pri:0, instance:com.phptravelstest.testcases.loginpagetestcases@239963d8]" name="setup" is-config="true" duration-ms="26592" started-at="2019-02-13T17:25:19Z" finished-at="2019-02-13T17:25:45Z">
          <reporter-output>
          </reporter-output>
        </test-method> <!-- setup -->
        <test-method status="PASS" signature="refreshTestcase()[pri:0, instance:com.phptravelstest.testcases.loginpagetestcases@239963d8]" name="refreshTestcase" duration-ms="1030" started-at="2019-02-13T17:25:45Z" finished-at="2019-02-13T17:25:46Z">
          <reporter-output>
          </reporter-output>
        </test-method> <!-- refreshTestcase -->
      </class> <!-- com.phptravelstest.testcases.loginpagetestcases -->
    </test> <!-- Default test -->
  </suite> <!-- Default suite -->
</testng-results>
